Using pre-set license
Built from '2021.3/staging' branch; Version is '2021.3.8f1 (b30333d56e81) revision 11731763'; Using compiler version '192829333'; Build Type 'Release'
OS: 'Windows 11  (10.0.22621) 64bit Core' Language: 'en' Physical Memory: 15724 MB
BatchMode: 1, IsHumanControllingUs: 0, StartBugReporterOnCrash: 0, Is64bit: 1, IsPro: 1

COMMAND LINE ARGUMENTS:
C:\Program Files\Unity\Hub\Editor\2021.3.8f1\Editor\Unity.exe
-adb2
-batchMode
-noUpm
-name
AssetImportWorker0
-projectPath
D:/ICT_Stage/sumsaber/SumSaber
-logFile
Logs/AssetImportWorker0.log
-srvPort
55002
Successfully changed project path to: D:/ICT_Stage/sumsaber/SumSaber
D:/ICT_Stage/sumsaber/SumSaber
[UnityMemory] Configuration Parameters - Can be set up in boot.config
    "memorysetup-bucket-allocator-granularity=16"
    "memorysetup-bucket-allocator-bucket-count=8"
    "memorysetup-bucket-allocator-block-size=33554432"
    "memorysetup-bucket-allocator-block-count=8"
    "memorysetup-main-allocator-block-size=16777216"
    "memorysetup-thread-allocator-block-size=16777216"
    "memorysetup-gfx-main-allocator-block-size=16777216"
    "memorysetup-gfx-thread-allocator-block-size=16777216"
    "memorysetup-cache-allocator-block-size=4194304"
    "memorysetup-typetree-allocator-block-size=2097152"
    "memorysetup-profiler-bucket-allocator-granularity=16"
    "memorysetup-profiler-bucket-allocator-bucket-count=8"
    "memorysetup-profiler-bucket-allocator-block-size=33554432"
    "memorysetup-profiler-bucket-allocator-block-count=8"
    "memorysetup-profiler-allocator-block-size=16777216"
    "memorysetup-profiler-editor-allocator-block-size=1048576"
    "memorysetup-temp-allocator-size-main=16777216"
    "memorysetup-job-temp-allocator-block-size=2097152"
    "memorysetup-job-temp-allocator-block-size-background=1048576"
    "memorysetup-job-temp-allocator-reduction-small-platforms=262144"
    "memorysetup-temp-allocator-size-background-worker=32768"
    "memorysetup-temp-allocator-size-job-worker=262144"
    "memorysetup-temp-allocator-size-preload-manager=33554432"
    "memorysetup-temp-allocator-size-nav-mesh-worker=65536"
    "memorysetup-temp-allocator-size-audio-worker=65536"
    "memorysetup-temp-allocator-size-cloud-worker=32768"
    "memorysetup-temp-allocator-size-gi-baking-worker=262144"
    "memorysetup-temp-allocator-size-gfx=262144"
Refreshing native plugins compatible for Editor in 150.76 ms, found 12 plugins.
Preloading 1 native plugins for Editor in 1.05 ms.
Initialize engine version: 2021.3.8f1 (b30333d56e81)
[Subsystems] Discovering subsystems at path C:/Program Files/Unity/Hub/Editor/2021.3.8f1/Editor/Data/Resources/UnitySubsystems
[Subsystems] Discovering subsystems at path D:/ICT_Stage/sumsaber/SumSaber/Assets
GfxDevice: creating device client; threaded=0; jobified=0
Direct3D:
    Version:  Direct3D 11.0 [level 11.1]
    Renderer: NVIDIA GeForce RTX 3080 Laptop GPU (ID=0x249c)
    Vendor:   NVIDIA
    VRAM:     8042 MB
    Driver:   30.0.15.1274
Initialize mono
Mono path[0] = 'C:/Program Files/Unity/Hub/Editor/2021.3.8f1/Editor/Data/Managed'
Mono path[1] = 'C:/Program Files/Unity/Hub/Editor/2021.3.8f1/Editor/Data/MonoBleedingEdge/lib/mono/unityjit-win32'
Mono config path = 'C:/Program Files/Unity/Hub/Editor/2021.3.8f1/Editor/Data/MonoBleedingEdge/etc'
Using monoOptions --debugger-agent=transport=dt_socket,embedding=1,server=y,suspend=n,address=127.0.0.1:56840
Begin MonoManager ReloadAssembly
Registering precompiled unity dll's ...
Register platform support module: C:/Program Files/Unity/Hub/Editor/2021.3.8f1/Editor/Data/PlaybackEngines/WebGLSupport/UnityEditor.WebGL.Extensions.dll
Register platform support module: C:/Program Files/Unity/Hub/Editor/2021.3.8f1/Editor/Data/PlaybackEngines/AndroidPlayer/UnityEditor.Android.Extensions.dll
Register platform support module: C:/Program Files/Unity/Hub/Editor/2021.3.8f1/Editor/Data/PlaybackEngines/WindowsStandaloneSupport/UnityEditor.WindowsStandalone.Extensions.dll
Registered in 0.010733 seconds.
Native extension for WindowsStandalone target not found
Native extension for Android target not found
Native extension for WebGL target not found
Refreshing native plugins compatible for Editor in 220.30 ms, found 12 plugins.
Preloading 1 native plugins for Editor in 0.18 ms.
Mono: successfully reloaded assembly
- Completed reload, in  1.086 seconds
Domain Reload Profiling:
	ReloadAssembly (1086ms)
		BeginReloadAssembly (125ms)
			ExecutionOrderSort (0ms)
			DisableScriptedObjects (0ms)
			BackupInstance (0ms)
			ReleaseScriptingObjects (0ms)
			CreateAndSetChildDomain (2ms)
		EndReloadAssembly (803ms)
			LoadAssemblies (122ms)
			RebuildTransferFunctionScriptingTraits (0ms)
			SetupTypeCache (145ms)
			ReleaseScriptCaches (0ms)
			RebuildScriptCaches (35ms)
			SetupLoadedEditorAssemblies (547ms)
				LogAssemblyErrors (0ms)
				InitializePlatformSupportModulesInManaged (95ms)
				SetLoadedEditorAssemblies (2ms)
				RefreshPlugins (221ms)
				BeforeProcessingInitializeOnLoad (2ms)
				ProcessInitializeOnLoadAttributes (158ms)
				ProcessInitializeOnLoadMethodAttributes (70ms)
				AfterProcessingInitializeOnLoad (0ms)
				EditorAssembliesLoaded (0ms)
			ExecutionOrderSort2 (0ms)
			AwakeInstancesAfterBackupRestoration (0ms)
Platform modules already initialized, skipping
Registering precompiled user dll's ...
Registered in 0.009607 seconds.
Begin MonoManager ReloadAssembly
Symbol file LoadedFromMemory doesn't match image D:\ICT_Stage\sumsaber\SumSaber\Library\PackageCache\com.unity.visualscripting@1.7.8\Editor\VisualScripting.Core\Dependencies\DotNetZip\Unity.VisualScripting.IonicZip.dll
Symbol file LoadedFromMemory doesn't match image D:\ICT_Stage\sumsaber\SumSaber\Library\PackageCache\com.unity.visualscripting@1.7.8\Editor\VisualScripting.Core\Dependencies\YamlDotNet\Unity.VisualScripting.YamlDotNet.dll
Native extension for WindowsStandalone target not found
Native extension for Android target not found
Native extension for WebGL target not found
Refreshing native plugins compatible for Editor in 133.45 ms, found 12 plugins.
Preloading 1 native plugins for Editor in 0.05 ms.
Package Manager log level set to [2]
System.Reflection.TargetInvocationException: Exception has been thrown by the target of an invocation. ---> System.NullReferenceException: Object reference not set to an instance of an object
  at Unity.XR.Oculus.OculusLoader.AssetPathToAbsolutePath (System.String assetPath) [0x0003d] in D:\ICT_Stage\sumsaber\SumSaber\Library\PackageCache\com.unity.xr.oculus@3.0.2\Runtime\OculusLoader.cs:271 
  at Unity.XR.Oculus.OculusLoader.EditorLoadOVRPlugin () [0x0007b] in D:\ICT_Stage\sumsaber\SumSaber\Library\PackageCache\com.unity.xr.oculus@3.0.2\Runtime\OculusLoader.cs:256 
  at (wrapper managed-to-native) System.Reflection.RuntimeMethodInfo.InternalInvoke(System.Reflection.RuntimeMethodInfo,object,object[],System.Exception&)
  at System.Reflection.RuntimeMethodInfo.Invoke (System.Object obj, System.Reflection.BindingFlags invokeAttr, System.Reflection.Binder binder, System.Object[] parameters, System.Globalization.CultureInfo culture) [0x0006a] in <c2a97e0383e8404c9fc0ae19d58f57f1>:0 
   --- End of inner exception stack trace ---
  at System.Reflection.RuntimeMethodInfo.Invoke (System.Object obj, System.Reflection.BindingFlags invokeAttr, System.Reflection.Binder binder, System.Object[] parameters, System.Globalization.CultureInfo culture) [0x00083] in <c2a97e0383e8404c9fc0ae19d58f57f1>:0 
  at System.Reflection.MethodBase.Invoke (System.Object obj, System.Object[] parameters) [0x00000] in <c2a97e0383e8404c9fc0ae19d58f57f1>:0 
  at UnityEditor.EditorAssemblies.ProcessInitializeOnLoadMethodAttributes () [0x000a5] in <5f40cdb07bd44d76a23dad985a4ec283>:0 
UnityEngine.StackTraceUtility:ExtractStackTrace ()
UnityEngine.DebugLogHandler:LogFormat (UnityEngine.LogType,UnityEngine.Object,string,object[])
UnityEngine.Logger:Log (UnityEngine.LogType,object)
UnityEngine.Debug:LogError (object)
UnityEditor.EditorAssemblies:ProcessInitializeOnLoadMethodAttributes ()

Mono: successfully reloaded assembly
- Completed reload, in  1.587 seconds
Domain Reload Profiling:
	ReloadAssembly (1588ms)
		BeginReloadAssembly (195ms)
			ExecutionOrderSort (0ms)
			DisableScriptedObjects (5ms)
			BackupInstance (0ms)
			ReleaseScriptingObjects (0ms)
			CreateAndSetChildDomain (120ms)
		EndReloadAssembly (1293ms)
			LoadAssemblies (89ms)
			RebuildTransferFunctionScriptingTraits (0ms)
			SetupTypeCache (312ms)
			ReleaseScriptCaches (1ms)
			RebuildScriptCaches (70ms)
			SetupLoadedEditorAssemblies (775ms)
				LogAssemblyErrors (0ms)
				InitializePlatformSupportModulesInManaged (12ms)
				SetLoadedEditorAssemblies (0ms)
				RefreshPlugins (134ms)
				BeforeProcessingInitializeOnLoad (147ms)
				ProcessInitializeOnLoadAttributes (375ms)
				ProcessInitializeOnLoadMethodAttributes (101ms)
				AfterProcessingInitializeOnLoad (6ms)
				EditorAssembliesLoaded (0ms)
			ExecutionOrderSort2 (0ms)
			AwakeInstancesAfterBackupRestoration (4ms)
Platform modules already initialized, skipping
========================================================================
Worker process is ready to serve import requests
Launched and connected shader compiler UnityShaderCompiler.exe after 0.04 seconds
Refreshing native plugins compatible for Editor in 1.78 ms, found 12 plugins.
Preloading 1 native plugins for Editor in 0.06 ms.
Unloading 7663 Unused Serialized files (Serialized files now loaded: 0)
Unloading 65 unused Assets / (457.9 KB). Loaded Objects now: 8134.
Memory consumption went from 370.0 MB to 369.5 MB.
Total: 4.917500 ms (FindLiveObjects: 0.603900 ms CreateObjectMapping: 0.274400 ms MarkObjects: 3.720200 ms  DeleteObjects: 0.317800 ms)

AssetImportParameters requested are different than current active one (requested -> active):
  custom:video-decoder-ogg-theora: a1e56fd34408186e4bbccfd4996cb3dc -> 
  custom:container-muxer-webm: aa71ff27fc2769a1b78a27578f13a17b -> 
  custom:container-demuxer-webm: 4f35f7cbe854078d1ac9338744f61a02 -> 
  custom:video-encoder-webm-vp8: eb34c28f22e8b96e1ab97ce403110664 -> 
  custom:audio-encoder-webm-vorbis: bf7c407c2cedff20999df2af8eb42d56 -> 
  custom:framework-win-MediaFoundation: 216162199b28c13a410421893ffa2e32 -> 
  custom:container-demuxer-ogg: 62fdf1f143b41e24485cea50d1cbac27 -> 
  custom:video-decoder-webm-vp8: 9c59270c3fd7afecdb556c50c9e8de78 -> 
  custom:audio-decoder-ogg-vorbis: bf7c407c2cedff20999df2af8eb42d56 -> 
========================================================================
Received Import Request.
  Time since last request: 694655.908120 seconds.
  path: Assets/Scenes/ModeMenu.unity
  artifactKey: Guid(72a08c90eb836724d8e86356e4b27ad8) Importer(815301076,1909f56bfc062723c751e8b465ee728b)
Start importing Assets/Scenes/ModeMenu.unity using Guid(72a08c90eb836724d8e86356e4b27ad8) Importer(815301076,1909f56bfc062723c751e8b465ee728b)  -> (artifact id: '6a63d3fd057972fea6f1937b361507c8') in 0.013492 seconds 
========================================================================
Received Import Request.
  Time since last request: 212.133670 seconds.
  path: Assets/Scenes/SettingMenu.unity
  artifactKey: Guid(c8dfefc31a3a92d4488b89ba7931ab7d) Importer(815301076,1909f56bfc062723c751e8b465ee728b)
Start importing Assets/Scenes/SettingMenu.unity using Guid(c8dfefc31a3a92d4488b89ba7931ab7d) Importer(815301076,1909f56bfc062723c751e8b465ee728b)  -> (artifact id: '5cf794ca43e7196e69c0540d6855072b') in 0.001937 seconds 
========================================================================
Received Import Request.
  Time since last request: 4.206066 seconds.
  path: Assets/Scenes/ModeMenu.unity
  artifactKey: Guid(72a08c90eb836724d8e86356e4b27ad8) Importer(815301076,1909f56bfc062723c751e8b465ee728b)
Start importing Assets/Scenes/ModeMenu.unity using Guid(72a08c90eb836724d8e86356e4b27ad8) Importer(815301076,1909f56bfc062723c751e8b465ee728b)  -> (artifact id: '200177946e25f041e544546776cba705') in 0.002351 seconds 
========================================================================
Received Import Request.
  Time since last request: 1.215412 seconds.
  path: Assets/Scenes/Home.unity
  artifactKey: Guid(190012678f3470948b57f4ba298d7a61) Importer(815301076,1909f56bfc062723c751e8b465ee728b)
Start importing Assets/Scenes/Home.unity using Guid(190012678f3470948b57f4ba298d7a61) Importer(815301076,1909f56bfc062723c751e8b465ee728b)  -> (artifact id: '86e10621bf96dcb91917637f1a3d1648') in 0.001706 seconds 
========================================================================
Received Import Request.
  Time since last request: 1933.659798 seconds.
  path: Assets/Scenes/Prototype.unity
  artifactKey: Guid(9fc0d4010bbf28b4594072e72b8655ab) Importer(815301076,1909f56bfc062723c751e8b465ee728b)
Start importing Assets/Scenes/Prototype.unity using Guid(9fc0d4010bbf28b4594072e72b8655ab) Importer(815301076,1909f56bfc062723c751e8b465ee728b)  -> (artifact id: 'c9ef1997f91ddf3f24b998ee6e92fa95') in 0.002186 seconds 
========================================================================
Received Import Request.
  Time since last request: 30.086816 seconds.
  path: Assets/Scenes/GamePlay.unity
  artifactKey: Guid(9fc0d4010bbf28b4594072e72b8655ab) Importer(815301076,1909f56bfc062723c751e8b465ee728b)
Start importing Assets/Scenes/GamePlay.unity using Guid(9fc0d4010bbf28b4594072e72b8655ab) Importer(815301076,1909f56bfc062723c751e8b465ee728b)  -> (artifact id: 'bf366e2bb034486a6bafcd311f9f4d51') in 0.002148 seconds 
========================================================================
Received Import Request.
  Time since last request: 20.964422 seconds.
  path: Assets/Scripts/Menu/ScenesLoader.cs
  artifactKey: Guid(ae8dcdf3f6074924ead4f233fca24fad) Importer(815301076,1909f56bfc062723c751e8b465ee728b)
Start importing Assets/Scripts/Menu/ScenesLoader.cs using Guid(ae8dcdf3f6074924ead4f233fca24fad) Importer(815301076,1909f56bfc062723c751e8b465ee728b)  -> (artifact id: 'a361863e82d3e803e368a01b465d98ce') in 0.031235 seconds 
========================================================================
Received Import Request.
  Time since last request: 34.402756 seconds.
  path: Assets/Samples/Dark UI/Prefabs Buttons
  artifactKey: Guid(717418137d07a0041b9d5873e637f4bc) Importer(815301076,1909f56bfc062723c751e8b465ee728b)
Start importing Assets/Samples/Dark UI/Prefabs Buttons using Guid(717418137d07a0041b9d5873e637f4bc) Importer(815301076,1909f56bfc062723c751e8b465ee728b)  -> (artifact id: 'a1dfe62df3f797e5907777262dfa6886') in 0.002112 seconds 
========================================================================
Received Import Request.
  Time since last request: 0.046223 seconds.
  path: Assets/Samples/Dark UI/Prefabs Buttons/Close Button.prefab
  artifactKey: Guid(363f1e424d5e7fa40b7181fc5586a869) Importer(815301076,1909f56bfc062723c751e8b465ee728b)
Start importing Assets/Samples/Dark UI/Prefabs Buttons/Close Button.prefab using Guid(363f1e424d5e7fa40b7181fc5586a869) Importer(815301076,1909f56bfc062723c751e8b465ee728b)  -> (artifact id: '1f79b655e202944c6e8fc215d7ca1096') in 0.038489 seconds 
========================================================================
Received Import Request.
  Time since last request: 0.000033 seconds.
  path: Assets/Samples/Dark UI/Prefabs Buttons/Music.prefab
  artifactKey: Guid(ab21d8b2955e7214da58a9623ed6830c) Importer(815301076,1909f56bfc062723c751e8b465ee728b)
Start importing Assets/Samples/Dark UI/Prefabs Buttons/Music.prefab using Guid(ab21d8b2955e7214da58a9623ed6830c) Importer(815301076,1909f56bfc062723c751e8b465ee728b)  -> (artifact id: '0924a95a46c7e2768aae90002fb80675') in 0.011714 seconds 
========================================================================
Received Import Request.
  Time since last request: 0.000025 seconds.
  path: Assets/Samples/Dark UI/Prefabs Buttons/Messages Button.prefab
  artifactKey: Guid(931fec1e23bc2ee40a548c3ee04bfff1) Importer(815301076,1909f56bfc062723c751e8b465ee728b)
Start importing Assets/Samples/Dark UI/Prefabs Buttons/Messages Button.prefab using Guid(931fec1e23bc2ee40a548c3ee04bfff1) Importer(815301076,1909f56bfc062723c751e8b465ee728b)  -> (artifact id: '4fcbe099c63b6c07e9dfffc6337f145f') in 0.007649 seconds 
========================================================================
Received Import Request.
  Time since last request: 0.000080 seconds.
  path: Assets/Samples/Dark UI/Prefabs Buttons/Ranking Button.prefab
  artifactKey: Guid(7d456eabe338b954cad35537f8d6df48) Importer(815301076,1909f56bfc062723c751e8b465ee728b)
Start importing Assets/Samples/Dark UI/Prefabs Buttons/Ranking Button.prefab using Guid(7d456eabe338b954cad35537f8d6df48) Importer(815301076,1909f56bfc062723c751e8b465ee728b)  -> (artifact id: '89697a6acb2fedae826f462284cc14c9') in 0.011603 seconds 
========================================================================
Received Import Request.
  Time since last request: 0.000079 seconds.
  path: Assets/Samples/Dark UI/Prefabs Buttons/Notification.prefab
  artifactKey: Guid(9b93e0873a7ba034697ab5143e50d1c8) Importer(815301076,1909f56bfc062723c751e8b465ee728b)
Start importing Assets/Samples/Dark UI/Prefabs Buttons/Notification.prefab using Guid(9b93e0873a7ba034697ab5143e50d1c8) Importer(815301076,1909f56bfc062723c751e8b465ee728b)  -> (artifact id: '2b39990a47452318afc786cf32c08aa2') in 0.011768 seconds 
========================================================================
Received Import Request.
  Time since last request: 0.000034 seconds.
  path: Assets/Samples/Dark UI/Prefabs Buttons/Send Hearts BTN.prefab
  artifactKey: Guid(b8c0210eb1b69384582a552cf8f93406) Importer(815301076,1909f56bfc062723c751e8b465ee728b)
Start importing Assets/Samples/Dark UI/Prefabs Buttons/Send Hearts BTN.prefab using Guid(b8c0210eb1b69384582a552cf8f93406) Importer(815301076,1909f56bfc062723c751e8b465ee728b)  -> (artifact id: '1947799b74d0f132da98e448dcad07a7') in 0.007463 seconds 
========================================================================
Received Import Request.
  Time since last request: 0.000041 seconds.
  path: Assets/Samples/Dark UI/Prefabs Buttons/Info Button.prefab
  artifactKey: Guid(54438c6f0e116ac4eb3b7f02368e4ccc) Importer(815301076,1909f56bfc062723c751e8b465ee728b)
Start importing Assets/Samples/Dark UI/Prefabs Buttons/Info Button.prefab using Guid(54438c6f0e116ac4eb3b7f02368e4ccc) Importer(815301076,1909f56bfc062723c751e8b465ee728b)  -> (artifact id: 'e3c2d4dd9676344142999e0c3616470f') in 0.008851 seconds 
========================================================================
Received Import Request.
  Time since last request: 0.000026 seconds.
  path: Assets/Samples/Dark UI/Prefabs Buttons/Inventory Button.prefab
  artifactKey: Guid(767d54a212d487e4b810ed9a97bdb865) Importer(815301076,1909f56bfc062723c751e8b465ee728b)
Start importing Assets/Samples/Dark UI/Prefabs Buttons/Inventory Button.prefab using Guid(767d54a212d487e4b810ed9a97bdb865) Importer(815301076,1909f56bfc062723c751e8b465ee728b)  -> (artifact id: 'a88322d3885fdca39dd5f1d5fc237742') in 0.008828 seconds 
========================================================================
Received Import Request.
  Time since last request: 0.000022 seconds.
  path: Assets/Samples/Dark UI/Prefabs Buttons/Settings Button.prefab
  artifactKey: Guid(c996fd272fe74104f85efe41552eb389) Importer(815301076,1909f56bfc062723c751e8b465ee728b)
Start importing Assets/Samples/Dark UI/Prefabs Buttons/Settings Button.prefab using Guid(c996fd272fe74104f85efe41552eb389) Importer(815301076,1909f56bfc062723c751e8b465ee728b)  -> (artifact id: '9cc01548b6e5aabd09c1c4639ea935de') in 0.007899 seconds 
========================================================================
Received Import Request.
  Time since last request: 3.243575 seconds.
  path: Assets/Samples/Dark UI/Prefabs Panel
  artifactKey: Guid(6fb2f256455c7844a8b90772bfcfefe4) Importer(815301076,1909f56bfc062723c751e8b465ee728b)
Start importing Assets/Samples/Dark UI/Prefabs Panel using Guid(6fb2f256455c7844a8b90772bfcfefe4) Importer(815301076,1909f56bfc062723c751e8b465ee728b)  -> (artifact id: 'bd66e6112a0e88ad1b7fdfe5946ecbd1') in 0.002081 seconds 
========================================================================
Received Import Request.
  Time since last request: 0.053847 seconds.
  path: Assets/Samples/Dark UI/Prefabs Panel/Facebook Login.prefab
  artifactKey: Guid(e2541b822c0a4a5438b4f733059d8286) Importer(815301076,1909f56bfc062723c751e8b465ee728b)
Start importing Assets/Samples/Dark UI/Prefabs Panel/Facebook Login.prefab using Guid(e2541b822c0a4a5438b4f733059d8286) Importer(815301076,1909f56bfc062723c751e8b465ee728b)  -> (artifact id: '2351415564153ea402cac0ce9da1a6ff') in 0.015746 seconds 
========================================================================
Received Import Request.
  Time since last request: 0.000021 seconds.
  path: Assets/Samples/Dark UI/Prefabs Panel/Lose.prefab
  artifactKey: Guid(4ff6657e846bbad48913cd9657429b20) Importer(815301076,1909f56bfc062723c751e8b465ee728b)
Start importing Assets/Samples/Dark UI/Prefabs Panel/Lose.prefab using Guid(4ff6657e846bbad48913cd9657429b20) Importer(815301076,1909f56bfc062723c751e8b465ee728b)  -> (artifact id: '646c96a4ff8baa994c713e914a1d295c') in 0.008728 seconds 
========================================================================
Received Import Request.
  Time since last request: 0.000037 seconds.
  path: Assets/Samples/Dark UI/Prefabs Panel/Panel.prefab
  artifactKey: Guid(d9f1eab8509cab84c8deac6f16b2db0c) Importer(815301076,1909f56bfc062723c751e8b465ee728b)
Start importing Assets/Samples/Dark UI/Prefabs Panel/Panel.prefab using Guid(d9f1eab8509cab84c8deac6f16b2db0c) Importer(815301076,1909f56bfc062723c751e8b465ee728b)  -> (artifact id: '9c5713fb020c16e1c5341f9d8ac94b1b') in 0.009732 seconds 
========================================================================
Received Import Request.
  Time since last request: 0.000021 seconds.
  path: Assets/Samples/Dark UI/Prefabs Panel/My Info Panel.prefab
  artifactKey: Guid(ba3a1aee54ab6804abce9e7e68ce679f) Importer(815301076,1909f56bfc062723c751e8b465ee728b)
Start importing Assets/Samples/Dark UI/Prefabs Panel/My Info Panel.prefab using Guid(ba3a1aee54ab6804abce9e7e68ce679f) Importer(815301076,1909f56bfc062723c751e8b465ee728b)  -> (artifact id: 'f303e9bbaae50e8cac6e3c17cf54d3d0') in 0.012347 seconds 
========================================================================
Received Import Request.
  Time since last request: 0.000026 seconds.
  path: Assets/Samples/Dark UI/Prefabs Panel/Missions.prefab
  artifactKey: Guid(88bfb9db2b5e692439d24a9c469a31b9) Importer(815301076,1909f56bfc062723c751e8b465ee728b)
Start importing Assets/Samples/Dark UI/Prefabs Panel/Missions.prefab using Guid(88bfb9db2b5e692439d24a9c469a31b9) Importer(815301076,1909f56bfc062723c751e8b465ee728b)  -> (artifact id: '7f1a5bd6ab7e4a39085dec012eccc119') in 0.014265 seconds 
========================================================================
Received Prepare
Registering precompiled user dll's ...
Registered in 0.006553 seconds.
Begin MonoManager ReloadAssembly
Symbol file LoadedFromMemory doesn't match image D:\ICT_Stage\sumsaber\SumSaber\Library\PackageCache\com.unity.visualscripting@1.7.8\Editor\VisualScripting.Core\Dependencies\DotNetZip\Unity.VisualScripting.IonicZip.dll
Symbol file LoadedFromMemory doesn't match image D:\ICT_Stage\sumsaber\SumSaber\Library\PackageCache\com.unity.visualscripting@1.7.8\Editor\VisualScripting.Core\Dependencies\YamlDotNet\Unity.VisualScripting.YamlDotNet.dll
Native extension for WindowsStandalone target not found
Native extension for Android target not found
Native extension for WebGL target not found
Refreshing native plugins compatible for Editor in 1.68 ms, found 12 plugins.
Preloading 1 native plugins for Editor in 0.06 ms.
System.Reflection.TargetInvocationException: Exception has been thrown by the target of an invocation. ---> System.NullReferenceException: Object reference not set to an instance of an object
  at Unity.XR.Oculus.OculusLoader.AssetPathToAbsolutePath (System.String assetPath) [0x0003d] in D:\ICT_Stage\sumsaber\SumSaber\Library\PackageCache\com.unity.xr.oculus@3.0.2\Runtime\OculusLoader.cs:271 
  at Unity.XR.Oculus.OculusLoader.EditorLoadOVRPlugin () [0x0007b] in D:\ICT_Stage\sumsaber\SumSaber\Library\PackageCache\com.unity.xr.oculus@3.0.2\Runtime\OculusLoader.cs:256 
  at (wrapper managed-to-native) System.Reflection.RuntimeMethodInfo.InternalInvoke(System.Reflection.RuntimeMethodInfo,object,object[],System.Exception&)
  at System.Reflection.RuntimeMethodInfo.Invoke (System.Object obj, System.Reflection.BindingFlags invokeAttr, System.Reflection.Binder binder, System.Object[] parameters, System.Globalization.CultureInfo culture) [0x0006a] in <c2a97e0383e8404c9fc0ae19d58f57f1>:0 
   --- End of inner exception stack trace ---
  at System.Reflection.RuntimeMethodInfo.Invoke (System.Object obj, System.Reflection.BindingFlags invokeAttr, System.Reflection.Binder binder, System.Object[] parameters, System.Globalization.CultureInfo culture) [0x00083] in <c2a97e0383e8404c9fc0ae19d58f57f1>:0 
  at System.Reflection.MethodBase.Invoke (System.Object obj, System.Object[] parameters) [0x00000] in <c2a97e0383e8404c9fc0ae19d58f57f1>:0 
  at UnityEditor.EditorAssemblies.ProcessInitializeOnLoadMethodAttributes () [0x000a5] in <5f40cdb07bd44d76a23dad985a4ec283>:0 
UnityEngine.StackTraceUtility:ExtractStackTrace ()
UnityEngine.DebugLogHandler:LogFormat (UnityEngine.LogType,UnityEngine.Object,string,object[])
UnityEngine.Logger:Log (UnityEngine.LogType,object)
UnityEngine.Debug:LogError (object)
UnityEditor.EditorAssemblies:ProcessInitializeOnLoadMethodAttributes ()

Mono: successfully reloaded assembly
- Completed reload, in  1.555 seconds
Domain Reload Profiling:
	ReloadAssembly (1556ms)
		BeginReloadAssembly (155ms)
			ExecutionOrderSort (0ms)
			DisableScriptedObjects (5ms)
			BackupInstance (0ms)
			ReleaseScriptingObjects (0ms)
			CreateAndSetChildDomain (61ms)
		EndReloadAssembly (1305ms)
			LoadAssemblies (92ms)
			RebuildTransferFunctionScriptingTraits (0ms)
			SetupTypeCache (404ms)
			ReleaseScriptCaches (3ms)
			RebuildScriptCaches (58ms)
			SetupLoadedEditorAssemblies (625ms)
				LogAssemblyErrors (0ms)
				InitializePlatformSupportModulesInManaged (20ms)
				SetLoadedEditorAssemblies (1ms)
				RefreshPlugins (2ms)
				BeforeProcessingInitializeOnLoad (127ms)
				ProcessInitializeOnLoadAttributes (338ms)
				ProcessInitializeOnLoadMethodAttributes (130ms)
				AfterProcessingInitializeOnLoad (7ms)
				EditorAssembliesLoaded (0ms)
			ExecutionOrderSort2 (0ms)
			AwakeInstancesAfterBackupRestoration (42ms)
Platform modules already initialized, skipping
Refreshing native plugins compatible for Editor in 7.41 ms, found 12 plugins.
Preloading 1 native plugins for Editor in 0.06 ms.
Unloading 7461 Unused Serialized files (Serialized files now loaded: 0)
Unloading 59 unused Assets / (422.5 KB). Loaded Objects now: 8141.
Memory consumption went from 371.3 MB to 370.9 MB.
Total: 8.765500 ms (FindLiveObjects: 1.513700 ms CreateObjectMapping: 0.617500 ms MarkObjects: 5.999600 ms  DeleteObjects: 0.633100 ms)

AssetImportParameters requested are different than current active one (requested -> active):
  custom:video-decoder-ogg-theora: a1e56fd34408186e4bbccfd4996cb3dc -> 
  custom:container-muxer-webm: aa71ff27fc2769a1b78a27578f13a17b -> 
  custom:container-demuxer-webm: 4f35f7cbe854078d1ac9338744f61a02 -> 
  custom:video-encoder-webm-vp8: eb34c28f22e8b96e1ab97ce403110664 -> 
  custom:audio-encoder-webm-vorbis: bf7c407c2cedff20999df2af8eb42d56 -> 
  custom:framework-win-MediaFoundation: 216162199b28c13a410421893ffa2e32 -> 
  custom:container-demuxer-ogg: 62fdf1f143b41e24485cea50d1cbac27 -> 
  custom:video-decoder-webm-vp8: 9c59270c3fd7afecdb556c50c9e8de78 -> 
  custom:audio-decoder-ogg-vorbis: bf7c407c2cedff20999df2af8eb42d56 -> 
Editor requested this worker to shutdown with reason: Scaling down because of idle timeout
AssetImportWorker is now disconnected from the server
Process exiting
Exiting without the bug reporter. Application will terminate with return code 0